FATAL [Thread-4] 2014-10-31 09:20:15,110 repast.simphony.ui.GUIScheduleRunner - RunTimeException when running the schedule
Current tick (42.0)
java.lang.RuntimeException: java.lang.reflect.InvocationTargetException
	at repast.simphony.engine.schedule.DynamicTargetAction.execute(DynamicTargetAction.java:72)
	at repast.simphony.engine.schedule.DefaultAction.execute(DefaultAction.java:38)
	at repast.simphony.engine.schedule.ScheduleGroup.executeList(ScheduleGroup.java:205)
	at repast.simphony.engine.schedule.ScheduleGroup.execute(ScheduleGroup.java:231)
	at repast.simphony.engine.schedule.Schedule.execute(Schedule.java:352)
	at repast.simphony.ui.GUIScheduleRunner$ScheduleLoopRunnable.run(GUIScheduleRunner.java:52)
	at java.lang.Thread.run(Thread.java:745)
Caused by: java.lang.reflect.InvocationTargetException
	at nemmcommons.NEMMContextBuilder$$FastClassByCGLIB$$6704a700.invoke(<generated>)
	at net.sf.cglib.reflect.FastMethod.invoke(FastMethod.java:53)
	at repast.simphony.engine.schedule.DynamicTargetAction.execute(DynamicTargetAction.java:69)
	... 6 more
Caused by: java.lang.IllegalArgumentException: The Trader is bankrupt!
	at nemmstrategy_shortterm.TradeStrategy1Tactic.updatetactictradeoffers(TradeStrategy1Tactic.java:95)
	at nemmstrategy_shortterm.TradeStrategy1.updateBidsAndOffers(TradeStrategy1.java:74)
	at nemmprocesses.ShortTermMarket.updateAllBidsAndOffers(ShortTermMarket.java:75)
	at nemmprocesses.ShortTermMarket.runshorttermmarket(ShortTermMarket.java:97)
	at nemmcommons.NEMMContextBuilder.monthlymarketschedule(NEMMContextBuilder.java:89)
	... 9 more
FATAL [Thread-4] 2014-10-31 17:07:07,732 repast.simphony.ui.GUIScheduleRunner - RunTimeException when running the schedule
Current tick (1.0)
java.lang.RuntimeException: java.lang.reflect.InvocationTargetException
	at repast.simphony.engine.schedule.DynamicTargetAction.execute(DynamicTargetAction.java:72)
	at repast.simphony.engine.schedule.DefaultAction.execute(DefaultAction.java:38)
	at repast.simphony.engine.schedule.ScheduleGroup.executeList(ScheduleGroup.java:205)
	at repast.simphony.engine.schedule.ScheduleGroup.execute(ScheduleGroup.java:231)
	at repast.simphony.engine.schedule.Schedule.execute(Schedule.java:352)
	at repast.simphony.ui.GUIScheduleRunner$ScheduleLoopRunnable.run(GUIScheduleRunner.java:52)
	at java.lang.Thread.run(Thread.java:745)
Caused by: java.lang.reflect.InvocationTargetException
	at nemmcommons.NEMMContextBuilder$$FastClassByCGLIB$$6704a700.invoke(<generated>)
	at net.sf.cglib.reflect.FastMethod.invoke(FastMethod.java:53)
	at repast.simphony.engine.schedule.DynamicTargetAction.execute(DynamicTargetAction.java:69)
	... 6 more
Caused by: java.lang.IllegalArgumentException: DEBUG: ShortTermMarket: Negative bidAvailVol
	at nemmprocesses.ShortTermMarket.runshorttermmarket(ShortTermMarket.java:216)
	at nemmcommons.NEMMContextBuilder.monthlymarketschedule(NEMMContextBuilder.java:89)
	... 9 more
FATAL [Thread-4] 2014-10-31 18:21:18,721 repast.simphony.ui.GUIScheduleRunner - RunTimeException when running the schedule
Current tick (6.0)
java.lang.RuntimeException: java.lang.reflect.InvocationTargetException
	at repast.simphony.engine.schedule.DynamicTargetAction.execute(DynamicTargetAction.java:72)
	at repast.simphony.engine.schedule.DefaultAction.execute(DefaultAction.java:38)
	at repast.simphony.engine.schedule.ScheduleGroup.executeList(ScheduleGroup.java:205)
	at repast.simphony.engine.schedule.ScheduleGroup.execute(ScheduleGroup.java:231)
	at repast.simphony.engine.schedule.Schedule.execute(Schedule.java:352)
	at repast.simphony.ui.GUIScheduleRunner$ScheduleLoopRunnable.run(GUIScheduleRunner.java:52)
	at java.lang.Thread.run(Thread.java:745)
Caused by: java.lang.reflect.InvocationTargetException
	at nemmcommons.NEMMContextBuilder$$FastClassByCGLIB$$6704a700.invoke(<generated>)
	at net.sf.cglib.reflect.FastMethod.invoke(FastMethod.java:53)
	at repast.simphony.engine.schedule.DynamicTargetAction.execute(DynamicTargetAction.java:69)
	... 6 more
Caused by: java.lang.NullPointerException
	at nemmagents.CompanyAgent$ActiveAgent.updateAgentPositions(CompanyAgent.java:200)
	at nemmprocesses.UpdatePhysicalPosition.updateAllAgentPositions(UpdatePhysicalPosition.java:34)
	at nemmcommons.NEMMContextBuilder.monthlymarketschedule(NEMMContextBuilder.java:99)
	... 9 more
FATAL [Thread-4] 2014-11-04 11:18:55,230 repast.simphony.ui.GUIScheduleRunner - RunTimeException when running the schedule
Current tick (0.0)
java.lang.RuntimeException: java.lang.reflect.InvocationTargetException
	at repast.simphony.engine.schedule.DynamicTargetAction.execute(DynamicTargetAction.java:72)
	at repast.simphony.engine.schedule.DefaultAction.execute(DefaultAction.java:38)
	at repast.simphony.engine.schedule.ScheduleGroup.executeList(ScheduleGroup.java:205)
	at repast.simphony.engine.schedule.ScheduleGroup.execute(ScheduleGroup.java:231)
	at repast.simphony.engine.schedule.Schedule.execute(Schedule.java:352)
	at repast.simphony.ui.GUIScheduleRunner$ScheduleLoopRunnable.run(GUIScheduleRunner.java:52)
	at java.lang.Thread.run(Thread.java:745)
Caused by: java.lang.reflect.InvocationTargetException
	at nemmcommons.NEMMContextBuilder$$FastClassByCGLIB$$6704a700.invoke(<generated>)
	at net.sf.cglib.reflect.FastMethod.invoke(FastMethod.java:53)
	at repast.simphony.engine.schedule.DynamicTargetAction.execute(DynamicTargetAction.java:69)
	... 6 more
Caused by: java.lang.NullPointerException
	at nemmstrategy_shortterm.BuyStrategy1.updateBidsAndOffers(BuyStrategy1.java:150)
	at nemmprocesses.ShortTermMarket.updateAllBidsAndOffers(ShortTermMarket.java:76)
	at nemmprocesses.ShortTermMarket.runshorttermmarket(ShortTermMarket.java:98)
	at nemmcommons.NEMMContextBuilder.monthlymarketschedule(NEMMContextBuilder.java:101)
	... 9 more
