2015-11-19 18:17:31,147 - ************************************************************** 
2015-11-19 18:17:31,147 - Starting Jakarta Velocity v1.4
2015-11-19 18:17:31,147 - RuntimeInstance initializing.
2015-11-19 18:17:31,147 - Default Properties File: org\apache\velocity\runtime\defaults\velocity.properties
2015-11-19 18:17:31,147 - Trying to use logger class org.apache.velocity.runtime.log.SimpleLog4JLogSystem
2015-11-19 18:17:31,147 - Using logger class org.apache.velocity.runtime.log.SimpleLog4JLogSystem
2015-11-19 18:17:31,157 - Default ResourceManager initializing. (class org.apache.velocity.runtime.resource.ResourceManagerImpl)
2015-11-19 18:17:31,163 - Resource Loader Instantiated: org.apache.velocity.runtime.resource.loader.ClasspathResourceLoader
2015-11-19 18:17:31,163 - ClasspathResourceLoader : initialization starting.
2015-11-19 18:17:31,163 - ClasspathResourceLoader : initialization complete.
2015-11-19 18:17:31,167 - ResourceCache : initialized. (class org.apache.velocity.runtime.resource.ResourceCacheImpl)
2015-11-19 18:17:31,167 - Default ResourceManager initialization complete.
2015-11-19 18:17:31,170 - Loaded System Directive: org.apache.velocity.runtime.directive.Literal
2015-11-19 18:17:31,174 - Loaded System Directive: org.apache.velocity.runtime.directive.Macro
2015-11-19 18:17:31,179 - Loaded System Directive: org.apache.velocity.runtime.directive.Parse
2015-11-19 18:17:31,183 - Loaded System Directive: org.apache.velocity.runtime.directive.Include
2015-11-19 18:17:31,185 - Loaded System Directive: org.apache.velocity.runtime.directive.Foreach
2015-11-19 18:17:31,244 - Created: 20 parsers.
2015-11-19 18:17:31,260 - Velocimacro : initialization starting.
2015-11-19 18:17:31,260 - Velocimacro : adding VMs from VM library template : VM_global_library.vm
2015-11-19 18:17:31,285 - ResourceManager : unable to find resource 'VM_global_library.vm' in any resource loader.
2015-11-19 18:17:31,285 - Velocimacro : error using  VM library template VM_global_library.vm : org.apache.velocity.exception.ResourceNotFoundException: Unable to find resource 'VM_global_library.vm'
2015-11-19 18:17:31,285 - Velocimacro :  VM library template macro registration complete.
2015-11-19 18:17:31,285 - Velocimacro : allowInline = true : VMs can be defined inline in templates
2015-11-19 18:17:31,285 - Velocimacro : allowInlineToOverride = false : VMs defined inline may NOT replace previous VM definitions
2015-11-19 18:17:31,285 - Velocimacro : allowInlineLocal = false : VMs defined inline will be  global in scope if allowed.
2015-11-19 18:17:31,285 - Velocimacro : messages on  : VM system will output logging messages
2015-11-19 18:17:31,285 - Velocimacro : autoload off  : VM system will not automatically reload global library macros
2015-11-19 18:17:31,285 - Velocimacro : initialization complete.
2015-11-19 18:17:31,285 - Velocity successfully started.
2015-11-19 18:20:02,487 - SimpleLog4JLogSystem initialized using logfile 'velocity.log'
2015-11-19 18:20:02,487 - ************************************************************** 
2015-11-19 18:20:02,488 - Starting Jakarta Velocity v1.4
2015-11-19 18:20:02,488 - RuntimeInstance initializing.
2015-11-19 18:20:02,488 - Default Properties File: org\apache\velocity\runtime\defaults\velocity.properties
2015-11-19 18:20:02,488 - Trying to use logger class org.apache.velocity.runtime.log.SimpleLog4JLogSystem
2015-11-19 18:20:02,488 - Using logger class org.apache.velocity.runtime.log.SimpleLog4JLogSystem
2015-11-19 18:20:02,493 - Default ResourceManager initializing. (class org.apache.velocity.runtime.resource.ResourceManagerImpl)
2015-11-19 18:20:02,497 - Resource Loader Instantiated: org.apache.velocity.runtime.resource.loader.ClasspathResourceLoader
2015-11-19 18:20:02,497 - ClasspathResourceLoader : initialization starting.
2015-11-19 18:20:02,497 - ClasspathResourceLoader : initialization complete.
2015-11-19 18:20:02,500 - ResourceCache : initialized. (class org.apache.velocity.runtime.resource.ResourceCacheImpl)
2015-11-19 18:20:02,500 - Default ResourceManager initialization complete.
2015-11-19 18:20:02,502 - Loaded System Directive: org.apache.velocity.runtime.directive.Literal
2015-11-19 18:20:02,505 - Loaded System Directive: org.apache.velocity.runtime.directive.Macro
2015-11-19 18:20:02,509 - Loaded System Directive: org.apache.velocity.runtime.directive.Parse
2015-11-19 18:20:02,512 - Loaded System Directive: org.apache.velocity.runtime.directive.Include
2015-11-19 18:20:02,514 - Loaded System Directive: org.apache.velocity.runtime.directive.Foreach
2015-11-19 18:20:02,559 - Created: 20 parsers.
2015-11-19 18:20:02,571 - Velocimacro : initialization starting.
2015-11-19 18:20:02,571 - Velocimacro : adding VMs from VM library template : VM_global_library.vm
2015-11-19 18:20:02,578 - ResourceManager : unable to find resource 'VM_global_library.vm' in any resource loader.
2015-11-19 18:20:02,578 - Velocimacro : error using  VM library template VM_global_library.vm : org.apache.velocity.exception.ResourceNotFoundException: Unable to find resource 'VM_global_library.vm'
2015-11-19 18:20:02,578 - Velocimacro :  VM library template macro registration complete.
2015-11-19 18:20:02,578 - Velocimacro : allowInline = true : VMs can be defined inline in templates
2015-11-19 18:20:02,578 - Velocimacro : allowInlineToOverride = false : VMs defined inline may NOT replace previous VM definitions
2015-11-19 18:20:02,578 - Velocimacro : allowInlineLocal = false : VMs defined inline will be  global in scope if allowed.
2015-11-19 18:20:02,579 - Velocimacro : messages on  : VM system will output logging messages
2015-11-19 18:20:02,579 - Velocimacro : autoload off  : VM system will not automatically reload global library macros
2015-11-19 18:20:02,579 - Velocimacro : initialization complete.
2015-11-19 18:20:02,579 - Velocity successfully started.
2015-11-19 18:20:47,778 - SimpleLog4JLogSystem initialized using logfile 'velocity.log'
2015-11-19 18:20:47,778 - ************************************************************** 
2015-11-19 18:20:47,778 - Starting Jakarta Velocity v1.4
2015-11-19 18:20:47,778 - RuntimeInstance initializing.
2015-11-19 18:20:47,778 - Default Properties File: org\apache\velocity\runtime\defaults\velocity.properties
2015-11-19 18:20:47,778 - Trying to use logger class org.apache.velocity.runtime.log.SimpleLog4JLogSystem
2015-11-19 18:20:47,778 - Using logger class org.apache.velocity.runtime.log.SimpleLog4JLogSystem
2015-11-19 18:20:47,780 - Default ResourceManager initializing. (class org.apache.velocity.runtime.resource.ResourceManagerImpl)
2015-11-19 18:20:47,782 - Resource Loader Instantiated: org.apache.velocity.runtime.resource.loader.ClasspathResourceLoader
2015-11-19 18:20:47,782 - ClasspathResourceLoader : initialization starting.
2015-11-19 18:20:47,782 - ClasspathResourceLoader : initialization complete.
2015-11-19 18:20:47,783 - ResourceCache : initialized. (class org.apache.velocity.runtime.resource.ResourceCacheImpl)
2015-11-19 18:20:47,783 - Default ResourceManager initialization complete.
2015-11-19 18:20:47,784 - Loaded System Directive: org.apache.velocity.runtime.directive.Literal
2015-11-19 18:20:47,786 - Loaded System Directive: org.apache.velocity.runtime.directive.Macro
2015-11-19 18:20:47,787 - Loaded System Directive: org.apache.velocity.runtime.directive.Parse
2015-11-19 18:20:47,789 - Loaded System Directive: org.apache.velocity.runtime.directive.Include
2015-11-19 18:20:47,790 - Loaded System Directive: org.apache.velocity.runtime.directive.Foreach
2015-11-19 18:20:47,810 - Created: 20 parsers.
2015-11-19 18:20:47,818 - Velocimacro : initialization starting.
2015-11-19 18:20:47,818 - Velocimacro : adding VMs from VM library template : VM_global_library.vm
2015-11-19 18:20:47,823 - ResourceManager : unable to find resource 'VM_global_library.vm' in any resource loader.
2015-11-19 18:20:47,823 - Velocimacro : error using  VM library template VM_global_library.vm : org.apache.velocity.exception.ResourceNotFoundException: Unable to find resource 'VM_global_library.vm'
2015-11-19 18:20:47,823 - Velocimacro :  VM library template macro registration complete.
2015-11-19 18:20:47,823 - Velocimacro : allowInline = true : VMs can be defined inline in templates
2015-11-19 18:20:47,823 - Velocimacro : allowInlineToOverride = false : VMs defined inline may NOT replace previous VM definitions
2015-11-19 18:20:47,823 - Velocimacro : allowInlineLocal = false : VMs defined inline will be  global in scope if allowed.
2015-11-19 18:20:47,823 - Velocimacro : messages on  : VM system will output logging messages
2015-11-19 18:20:47,823 - Velocimacro : autoload off  : VM system will not automatically reload global library macros
2015-11-19 18:20:47,823 - Velocimacro : initialization complete.
2015-11-19 18:20:47,823 - Velocity successfully started.
2015-11-19 18:27:19,662 - SimpleLog4JLogSystem initialized using logfile 'velocity.log'
2015-11-19 18:27:19,663 - ************************************************************** 
2015-11-19 18:27:19,663 - Starting Jakarta Velocity v1.4
2015-11-19 18:27:19,663 - RuntimeInstance initializing.
2015-11-19 18:27:19,663 - Default Properties File: org\apache\velocity\runtime\defaults\velocity.properties
2015-11-19 18:27:19,663 - Trying to use logger class org.apache.velocity.runtime.log.SimpleLog4JLogSystem
2015-11-19 18:27:19,663 - Using logger class org.apache.velocity.runtime.log.SimpleLog4JLogSystem
2015-11-19 18:27:19,671 - Default ResourceManager initializing. (class org.apache.velocity.runtime.resource.ResourceManagerImpl)
2015-11-19 18:27:19,678 - Resource Loader Instantiated: org.apache.velocity.runtime.resource.loader.ClasspathResourceLoader
2015-11-19 18:27:19,678 - ClasspathResourceLoader : initialization starting.
2015-11-19 18:27:19,679 - ClasspathResourceLoader : initialization complete.
2015-11-19 18:27:19,683 - ResourceCache : initialized. (class org.apache.velocity.runtime.resource.ResourceCacheImpl)
2015-11-19 18:27:19,683 - Default ResourceManager initialization complete.
2015-11-19 18:27:19,687 - Loaded System Directive: org.apache.velocity.runtime.directive.Literal
2015-11-19 18:27:19,692 - Loaded System Directive: org.apache.velocity.runtime.directive.Macro
2015-11-19 18:27:19,699 - Loaded System Directive: org.apache.velocity.runtime.directive.Parse
2015-11-19 18:27:19,704 - Loaded System Directive: org.apache.velocity.runtime.directive.Include
2015-11-19 18:27:19,707 - Loaded System Directive: org.apache.velocity.runtime.directive.Foreach
2015-11-19 18:27:19,782 - Created: 20 parsers.
2015-11-19 18:27:19,803 - Velocimacro : initialization starting.
2015-11-19 18:27:19,803 - Velocimacro : adding VMs from VM library template : VM_global_library.vm
2015-11-19 18:27:19,815 - ResourceManager : unable to find resource 'VM_global_library.vm' in any resource loader.
2015-11-19 18:27:19,816 - Velocimacro : error using  VM library template VM_global_library.vm : org.apache.velocity.exception.ResourceNotFoundException: Unable to find resource 'VM_global_library.vm'
2015-11-19 18:27:19,816 - Velocimacro :  VM library template macro registration complete.
2015-11-19 18:27:19,816 - Velocimacro : allowInline = true : VMs can be defined inline in templates
2015-11-19 18:27:19,816 - Velocimacro : allowInlineToOverride = false : VMs defined inline may NOT replace previous VM definitions
2015-11-19 18:27:19,816 - Velocimacro : allowInlineLocal = false : VMs defined inline will be  global in scope if allowed.
2015-11-19 18:27:19,816 - Velocimacro : messages on  : VM system will output logging messages
2015-11-19 18:27:19,816 - Velocimacro : autoload off  : VM system will not automatically reload global library macros
2015-11-19 18:27:19,816 - Velocimacro : initialization complete.
2015-11-19 18:27:19,816 - Velocity successfully started.
2015-11-19 18:27:58,847 - SimpleLog4JLogSystem initialized using logfile 'velocity.log'
2015-11-19 18:27:58,847 - ************************************************************** 
2015-11-19 18:27:58,847 - Starting Jakarta Velocity v1.4
2015-11-19 18:27:58,847 - RuntimeInstance initializing.
2015-11-19 18:27:58,847 - Default Properties File: org\apache\velocity\runtime\defaults\velocity.properties
2015-11-19 18:27:58,848 - Trying to use logger class org.apache.velocity.runtime.log.SimpleLog4JLogSystem
2015-11-19 18:27:58,848 - Using logger class org.apache.velocity.runtime.log.SimpleLog4JLogSystem
2015-11-19 18:27:58,854 - Default ResourceManager initializing. (class org.apache.velocity.runtime.resource.ResourceManagerImpl)
2015-11-19 18:27:58,860 - Resource Loader Instantiated: org.apache.velocity.runtime.resource.loader.ClasspathResourceLoader
2015-11-19 18:27:58,860 - ClasspathResourceLoader : initialization starting.
2015-11-19 18:27:58,860 - ClasspathResourceLoader : initialization complete.
2015-11-19 18:27:58,864 - ResourceCache : initialized. (class org.apache.velocity.runtime.resource.ResourceCacheImpl)
2015-11-19 18:27:58,864 - Default ResourceManager initialization complete.
2015-11-19 18:27:58,867 - Loaded System Directive: org.apache.velocity.runtime.directive.Literal
2015-11-19 18:27:58,871 - Loaded System Directive: org.apache.velocity.runtime.directive.Macro
2015-11-19 18:27:58,877 - Loaded System Directive: org.apache.velocity.runtime.directive.Parse
2015-11-19 18:27:58,881 - Loaded System Directive: org.apache.velocity.runtime.directive.Include
2015-11-19 18:27:58,883 - Loaded System Directive: org.apache.velocity.runtime.directive.Foreach
2015-11-19 18:27:58,942 - Created: 20 parsers.
2015-11-19 18:27:58,955 - Velocimacro : initialization starting.
2015-11-19 18:27:58,955 - Velocimacro : adding VMs from VM library template : VM_global_library.vm
2015-11-19 18:27:58,962 - ResourceManager : unable to find resource 'VM_global_library.vm' in any resource loader.
2015-11-19 18:27:58,962 - Velocimacro : error using  VM library template VM_global_library.vm : org.apache.velocity.exception.ResourceNotFoundException: Unable to find resource 'VM_global_library.vm'
2015-11-19 18:27:58,962 - Velocimacro :  VM library template macro registration complete.
2015-11-19 18:27:58,962 - Velocimacro : allowInline = true : VMs can be defined inline in templates
2015-11-19 18:27:58,962 - Velocimacro : allowInlineToOverride = false : VMs defined inline may NOT replace previous VM definitions
2015-11-19 18:27:58,962 - Velocimacro : allowInlineLocal = false : VMs defined inline will be  global in scope if allowed.
2015-11-19 18:27:58,962 - Velocimacro : messages on  : VM system will output logging messages
2015-11-19 18:27:58,962 - Velocimacro : autoload off  : VM system will not automatically reload global library macros
2015-11-19 18:27:58,963 - Velocimacro : initialization complete.
2015-11-19 18:27:58,963 - Velocity successfully started.
2015-11-19 18:40:14,824 - SimpleLog4JLogSystem initialized using logfile 'velocity.log'
2015-11-19 18:40:14,825 - ************************************************************** 
2015-11-19 18:40:14,825 - Starting Jakarta Velocity v1.4
2015-11-19 18:40:14,825 - RuntimeInstance initializing.
2015-11-19 18:40:14,825 - Default Properties File: org\apache\velocity\runtime\defaults\velocity.properties
2015-11-19 18:40:14,825 - Trying to use logger class org.apache.velocity.runtime.log.SimpleLog4JLogSystem
2015-11-19 18:40:14,825 - Using logger class org.apache.velocity.runtime.log.SimpleLog4JLogSystem
2015-11-19 18:40:14,833 - Default ResourceManager initializing. (class org.apache.velocity.runtime.resource.ResourceManagerImpl)
2015-11-19 18:40:14,839 - Resource Loader Instantiated: org.apache.velocity.runtime.resource.loader.ClasspathResourceLoader
2015-11-19 18:40:14,839 - ClasspathResourceLoader : initialization starting.
2015-11-19 18:40:14,839 - ClasspathResourceLoader : initialization complete.
2015-11-19 18:40:14,843 - ResourceCache : initialized. (class org.apache.velocity.runtime.resource.ResourceCacheImpl)
2015-11-19 18:40:14,844 - Default ResourceManager initialization complete.
2015-11-19 18:40:14,847 - Loaded System Directive: org.apache.velocity.runtime.directive.Literal
2015-11-19 18:40:14,852 - Loaded System Directive: org.apache.velocity.runtime.directive.Macro
2015-11-19 18:40:14,859 - Loaded System Directive: org.apache.velocity.runtime.directive.Parse
2015-11-19 18:40:14,864 - Loaded System Directive: org.apache.velocity.runtime.directive.Include
2015-11-19 18:40:14,866 - Loaded System Directive: org.apache.velocity.runtime.directive.Foreach
2015-11-19 18:40:14,951 - Created: 20 parsers.
2015-11-19 18:40:14,967 - Velocimacro : initialization starting.
2015-11-19 18:40:14,967 - Velocimacro : adding VMs from VM library template : VM_global_library.vm
2015-11-19 18:40:14,975 - ResourceManager : unable to find resource 'VM_global_library.vm' in any resource loader.
2015-11-19 18:40:14,976 - Velocimacro : error using  VM library template VM_global_library.vm : org.apache.velocity.exception.ResourceNotFoundException: Unable to find resource 'VM_global_library.vm'
2015-11-19 18:40:14,976 - Velocimacro :  VM library template macro registration complete.
2015-11-19 18:40:14,976 - Velocimacro : allowInline = true : VMs can be defined inline in templates
2015-11-19 18:40:14,976 - Velocimacro : allowInlineToOverride = false : VMs defined inline may NOT replace previous VM definitions
2015-11-19 18:40:14,976 - Velocimacro : allowInlineLocal = false : VMs defined inline will be  global in scope if allowed.
2015-11-19 18:40:14,976 - Velocimacro : messages on  : VM system will output logging messages
2015-11-19 18:40:14,976 - Velocimacro : autoload off  : VM system will not automatically reload global library macros
2015-11-19 18:40:14,976 - Velocimacro : initialization complete.
2015-11-19 18:40:14,976 - Velocity successfully started.
2015-11-20 08:41:25,281 - SimpleLog4JLogSystem initialized using logfile 'velocity.log'
2015-11-20 08:41:25,281 - ************************************************************** 
2015-11-20 08:41:25,281 - Starting Jakarta Velocity v1.4
2015-11-20 08:41:25,281 - RuntimeInstance initializing.
2015-11-20 08:41:25,281 - Default Properties File: org\apache\velocity\runtime\defaults\velocity.properties
2015-11-20 08:41:25,281 - Trying to use logger class org.apache.velocity.runtime.log.SimpleLog4JLogSystem
2015-11-20 08:41:25,281 - Using logger class org.apache.velocity.runtime.log.SimpleLog4JLogSystem
2015-11-20 08:41:25,284 - Default ResourceManager initializing. (class org.apache.velocity.runtime.resource.ResourceManagerImpl)
2015-11-20 08:41:25,288 - Resource Loader Instantiated: org.apache.velocity.runtime.resource.loader.ClasspathResourceLoader
2015-11-20 08:41:25,288 - ClasspathResourceLoader : initialization starting.
2015-11-20 08:41:25,288 - ClasspathResourceLoader : initialization complete.
2015-11-20 08:41:25,289 - ResourceCache : initialized. (class org.apache.velocity.runtime.resource.ResourceCacheImpl)
2015-11-20 08:41:25,289 - Default ResourceManager initialization complete.
2015-11-20 08:41:25,291 - Loaded System Directive: org.apache.velocity.runtime.directive.Literal
2015-11-20 08:41:25,293 - Loaded System Directive: org.apache.velocity.runtime.directive.Macro
2015-11-20 08:41:25,294 - Loaded System Directive: org.apache.velocity.runtime.directive.Parse
2015-11-20 08:41:25,296 - Loaded System Directive: org.apache.velocity.runtime.directive.Include
2015-11-20 08:41:25,297 - Loaded System Directive: org.apache.velocity.runtime.directive.Foreach
2015-11-20 08:41:25,319 - Created: 20 parsers.
2015-11-20 08:41:25,324 - Velocimacro : initialization starting.
2015-11-20 08:41:25,324 - Velocimacro : adding VMs from VM library template : VM_global_library.vm
2015-11-20 08:41:25,327 - ResourceManager : unable to find resource 'VM_global_library.vm' in any resource loader.
2015-11-20 08:41:25,327 - Velocimacro : error using  VM library template VM_global_library.vm : org.apache.velocity.exception.ResourceNotFoundException: Unable to find resource 'VM_global_library.vm'
2015-11-20 08:41:25,327 - Velocimacro :  VM library template macro registration complete.
2015-11-20 08:41:25,327 - Velocimacro : allowInline = true : VMs can be defined inline in templates
2015-11-20 08:41:25,327 - Velocimacro : allowInlineToOverride = false : VMs defined inline may NOT replace previous VM definitions
2015-11-20 08:41:25,328 - Velocimacro : allowInlineLocal = false : VMs defined inline will be  global in scope if allowed.
2015-11-20 08:41:25,328 - Velocimacro : messages on  : VM system will output logging messages
2015-11-20 08:41:25,328 - Velocimacro : autoload off  : VM system will not automatically reload global library macros
2015-11-20 08:41:25,328 - Velocimacro : initialization complete.
2015-11-20 08:41:25,328 - Velocity successfully started.
2015-11-20 08:49:38,840 - SimpleLog4JLogSystem initialized using logfile 'velocity.log'
2015-11-20 08:49:38,841 - ************************************************************** 
2015-11-20 08:49:38,841 - Starting Jakarta Velocity v1.4
2015-11-20 08:49:38,841 - RuntimeInstance initializing.
2015-11-20 08:49:38,841 - Default Properties File: org\apache\velocity\runtime\defaults\velocity.properties
2015-11-20 08:49:38,841 - Trying to use logger class org.apache.velocity.runtime.log.SimpleLog4JLogSystem
2015-11-20 08:49:38,841 - Using logger class org.apache.velocity.runtime.log.SimpleLog4JLogSystem
2015-11-20 08:49:38,849 - Default ResourceManager initializing. (class org.apache.velocity.runtime.resource.ResourceManagerImpl)
2015-11-20 08:49:38,857 - Resource Loader Instantiated: org.apache.velocity.runtime.resource.loader.ClasspathResourceLoader
2015-11-20 08:49:38,857 - ClasspathResourceLoader : initialization starting.
2015-11-20 08:49:38,857 - ClasspathResourceLoader : initialization complete.
2015-11-20 08:49:38,861 - ResourceCache : initialized. (class org.apache.velocity.runtime.resource.ResourceCacheImpl)
2015-11-20 08:49:38,862 - Default ResourceManager initialization complete.
2015-11-20 08:49:38,866 - Loaded System Directive: org.apache.velocity.runtime.directive.Literal
2015-11-20 08:49:38,871 - Loaded System Directive: org.apache.velocity.runtime.directive.Macro
2015-11-20 08:49:38,878 - Loaded System Directive: org.apache.velocity.runtime.directive.Parse
2015-11-20 08:49:38,883 - Loaded System Directive: org.apache.velocity.runtime.directive.Include
2015-11-20 08:49:38,885 - Loaded System Directive: org.apache.velocity.runtime.directive.Foreach
2015-11-20 08:49:38,958 - Created: 20 parsers.
2015-11-20 08:49:38,978 - Velocimacro : initialization starting.
2015-11-20 08:49:38,979 - Velocimacro : adding VMs from VM library template : VM_global_library.vm
2015-11-20 08:49:38,990 - ResourceManager : unable to find resource 'VM_global_library.vm' in any resource loader.
2015-11-20 08:49:38,990 - Velocimacro : error using  VM library template VM_global_library.vm : org.apache.velocity.exception.ResourceNotFoundException: Unable to find resource 'VM_global_library.vm'
2015-11-20 08:49:38,990 - Velocimacro :  VM library template macro registration complete.
2015-11-20 08:49:38,990 - Velocimacro : allowInline = true : VMs can be defined inline in templates
2015-11-20 08:49:38,990 - Velocimacro : allowInlineToOverride = false : VMs defined inline may NOT replace previous VM definitions
2015-11-20 08:49:38,990 - Velocimacro : allowInlineLocal = false : VMs defined inline will be  global in scope if allowed.
2015-11-20 08:49:38,991 - Velocimacro : messages on  : VM system will output logging messages
2015-11-20 08:49:38,991 - Velocimacro : autoload off  : VM system will not automatically reload global library macros
2015-11-20 08:49:38,991 - Velocimacro : initialization complete.
2015-11-20 08:49:38,991 - Velocity successfully started.
2015-11-20 08:54:21,117 - SimpleLog4JLogSystem initialized using logfile 'velocity.log'
2015-11-20 08:54:21,117 - ************************************************************** 
2015-11-20 08:54:21,117 - Starting Jakarta Velocity v1.4
2015-11-20 08:54:21,118 - RuntimeInstance initializing.
2015-11-20 08:54:21,118 - Default Properties File: org\apache\velocity\runtime\defaults\velocity.properties
2015-11-20 08:54:21,118 - Trying to use logger class org.apache.velocity.runtime.log.SimpleLog4JLogSystem
2015-11-20 08:54:21,118 - Using logger class org.apache.velocity.runtime.log.SimpleLog4JLogSystem
2015-11-20 08:54:21,126 - Default ResourceManager initializing. (class org.apache.velocity.runtime.resource.ResourceManagerImpl)
2015-11-20 08:54:21,133 - Resource Loader Instantiated: org.apache.velocity.runtime.resource.loader.ClasspathResourceLoader
2015-11-20 08:54:21,133 - ClasspathResourceLoader : initialization starting.
2015-11-20 08:54:21,133 - ClasspathResourceLoader : initialization complete.
2015-11-20 08:54:21,138 - ResourceCache : initialized. (class org.apache.velocity.runtime.resource.ResourceCacheImpl)
2015-11-20 08:54:21,138 - Default ResourceManager initialization complete.
2015-11-20 08:54:21,142 - Loaded System Directive: org.apache.velocity.runtime.directive.Literal
2015-11-20 08:54:21,147 - Loaded System Directive: org.apache.velocity.runtime.directive.Macro
2015-11-20 08:54:21,154 - Loaded System Directive: org.apache.velocity.runtime.directive.Parse
2015-11-20 08:54:21,159 - Loaded System Directive: org.apache.velocity.runtime.directive.Include
2015-11-20 08:54:21,162 - Loaded System Directive: org.apache.velocity.runtime.directive.Foreach
2015-11-20 08:54:21,235 - Created: 20 parsers.
2015-11-20 08:54:21,255 - Velocimacro : initialization starting.
2015-11-20 08:54:21,256 - Velocimacro : adding VMs from VM library template : VM_global_library.vm
2015-11-20 08:54:21,267 - ResourceManager : unable to find resource 'VM_global_library.vm' in any resource loader.
2015-11-20 08:54:21,268 - Velocimacro : error using  VM library template VM_global_library.vm : org.apache.velocity.exception.ResourceNotFoundException: Unable to find resource 'VM_global_library.vm'
2015-11-20 08:54:21,268 - Velocimacro :  VM library template macro registration complete.
2015-11-20 08:54:21,268 - Velocimacro : allowInline = true : VMs can be defined inline in templates
2015-11-20 08:54:21,268 - Velocimacro : allowInlineToOverride = false : VMs defined inline may NOT replace previous VM definitions
2015-11-20 08:54:21,268 - Velocimacro : allowInlineLocal = false : VMs defined inline will be  global in scope if allowed.
2015-11-20 08:54:21,268 - Velocimacro : messages on  : VM system will output logging messages
2015-11-20 08:54:21,268 - Velocimacro : autoload off  : VM system will not automatically reload global library macros
2015-11-20 08:54:21,269 - Velocimacro : initialization complete.
2015-11-20 08:54:21,269 - Velocity successfully started.
2015-11-20 09:01:33,369 - SimpleLog4JLogSystem initialized using logfile 'velocity.log'
2015-11-20 09:01:33,370 - ************************************************************** 
2015-11-20 09:01:33,370 - Starting Jakarta Velocity v1.4
2015-11-20 09:01:33,370 - RuntimeInstance initializing.
2015-11-20 09:01:33,370 - Default Properties File: org\apache\velocity\runtime\defaults\velocity.properties
2015-11-20 09:01:33,370 - Trying to use logger class org.apache.velocity.runtime.log.SimpleLog4JLogSystem
2015-11-20 09:01:33,370 - Using logger class org.apache.velocity.runtime.log.SimpleLog4JLogSystem
2015-11-20 09:01:33,378 - Default ResourceManager initializing. (class org.apache.velocity.runtime.resource.ResourceManagerImpl)
2015-11-20 09:01:33,384 - Resource Loader Instantiated: org.apache.velocity.runtime.resource.loader.ClasspathResourceLoader
2015-11-20 09:01:33,385 - ClasspathResourceLoader : initialization starting.
2015-11-20 09:01:33,385 - ClasspathResourceLoader : initialization complete.
2015-11-20 09:01:33,389 - ResourceCache : initialized. (class org.apache.velocity.runtime.resource.ResourceCacheImpl)
2015-11-20 09:01:33,389 - Default ResourceManager initialization complete.
2015-11-20 09:01:33,393 - Loaded System Directive: org.apache.velocity.runtime.directive.Literal
2015-11-20 09:01:33,397 - Loaded System Directive: org.apache.velocity.runtime.directive.Macro
2015-11-20 09:01:33,404 - Loaded System Directive: org.apache.velocity.runtime.directive.Parse
2015-11-20 09:01:33,408 - Loaded System Directive: org.apache.velocity.runtime.directive.Include
2015-11-20 09:01:33,411 - Loaded System Directive: org.apache.velocity.runtime.directive.Foreach
2015-11-20 09:01:33,476 - Created: 20 parsers.
2015-11-20 09:01:33,495 - Velocimacro : initialization starting.
2015-11-20 09:01:33,495 - Velocimacro : adding VMs from VM library template : VM_global_library.vm
2015-11-20 09:01:33,506 - ResourceManager : unable to find resource 'VM_global_library.vm' in any resource loader.
2015-11-20 09:01:33,506 - Velocimacro : error using  VM library template VM_global_library.vm : org.apache.velocity.exception.ResourceNotFoundException: Unable to find resource 'VM_global_library.vm'
2015-11-20 09:01:33,506 - Velocimacro :  VM library template macro registration complete.
2015-11-20 09:01:33,507 - Velocimacro : allowInline = true : VMs can be defined inline in templates
2015-11-20 09:01:33,507 - Velocimacro : allowInlineToOverride = false : VMs defined inline may NOT replace previous VM definitions
2015-11-20 09:01:33,507 - Velocimacro : allowInlineLocal = false : VMs defined inline will be  global in scope if allowed.
2015-11-20 09:01:33,507 - Velocimacro : messages on  : VM system will output logging messages
2015-11-20 09:01:33,507 - Velocimacro : autoload off  : VM system will not automatically reload global library macros
2015-11-20 09:01:33,507 - Velocimacro : initialization complete.
2015-11-20 09:01:33,507 - Velocity successfully started.
2015-11-20 09:05:53,543 - SimpleLog4JLogSystem initialized using logfile 'velocity.log'
2015-11-20 09:05:53,543 - ************************************************************** 
2015-11-20 09:05:53,544 - Starting Jakarta Velocity v1.4
2015-11-20 09:05:53,544 - RuntimeInstance initializing.
2015-11-20 09:05:53,544 - Default Properties File: org\apache\velocity\runtime\defaults\velocity.properties
2015-11-20 09:05:53,544 - Trying to use logger class org.apache.velocity.runtime.log.SimpleLog4JLogSystem
2015-11-20 09:05:53,544 - Using logger class org.apache.velocity.runtime.log.SimpleLog4JLogSystem
2015-11-20 09:05:53,553 - Default ResourceManager initializing. (class org.apache.velocity.runtime.resource.ResourceManagerImpl)
2015-11-20 09:05:53,561 - Resource Loader Instantiated: org.apache.velocity.runtime.resource.loader.ClasspathResourceLoader
2015-11-20 09:05:53,562 - ClasspathResourceLoader : initialization starting.
2015-11-20 09:05:53,562 - ClasspathResourceLoader : initialization complete.
2015-11-20 09:05:53,567 - ResourceCache : initialized. (class org.apache.velocity.runtime.resource.ResourceCacheImpl)
2015-11-20 09:05:53,567 - Default ResourceManager initialization complete.
2015-11-20 09:05:53,572 - Loaded System Directive: org.apache.velocity.runtime.directive.Literal
2015-11-20 09:05:53,578 - Loaded System Directive: org.apache.velocity.runtime.directive.Macro
2015-11-20 09:05:53,586 - Loaded System Directive: org.apache.velocity.runtime.directive.Parse
2015-11-20 09:05:53,592 - Loaded System Directive: org.apache.velocity.runtime.directive.Include
2015-11-20 09:05:53,595 - Loaded System Directive: org.apache.velocity.runtime.directive.Foreach
2015-11-20 09:05:53,668 - Created: 20 parsers.
2015-11-20 09:05:53,696 - Velocimacro : initialization starting.
2015-11-20 09:05:53,696 - Velocimacro : adding VMs from VM library template : VM_global_library.vm
2015-11-20 09:05:53,716 - ResourceManager : unable to find resource 'VM_global_library.vm' in any resource loader.
2015-11-20 09:05:53,716 - Velocimacro : error using  VM library template VM_global_library.vm : org.apache.velocity.exception.ResourceNotFoundException: Unable to find resource 'VM_global_library.vm'
2015-11-20 09:05:53,716 - Velocimacro :  VM library template macro registration complete.
2015-11-20 09:05:53,716 - Velocimacro : allowInline = true : VMs can be defined inline in templates
2015-11-20 09:05:53,717 - Velocimacro : allowInlineToOverride = false : VMs defined inline may NOT replace previous VM definitions
2015-11-20 09:05:53,717 - Velocimacro : allowInlineLocal = false : VMs defined inline will be  global in scope if allowed.
2015-11-20 09:05:53,717 - Velocimacro : messages on  : VM system will output logging messages
2015-11-20 09:05:53,717 - Velocimacro : autoload off  : VM system will not automatically reload global library macros
2015-11-20 09:05:53,717 - Velocimacro : initialization complete.
2015-11-20 09:05:53,717 - Velocity successfully started.
2015-11-20 09:26:41,077 - SimpleLog4JLogSystem initialized using logfile 'velocity.log'
2015-11-20 09:26:41,078 - ************************************************************** 
2015-11-20 09:26:41,078 - Starting Jakarta Velocity v1.4
2015-11-20 09:26:41,078 - RuntimeInstance initializing.
2015-11-20 09:26:41,078 - Default Properties File: org\apache\velocity\runtime\defaults\velocity.properties
2015-11-20 09:26:41,078 - Trying to use logger class org.apache.velocity.runtime.log.SimpleLog4JLogSystem
2015-11-20 09:26:41,078 - Using logger class org.apache.velocity.runtime.log.SimpleLog4JLogSystem
2015-11-20 09:26:41,082 - Default ResourceManager initializing. (class org.apache.velocity.runtime.resource.ResourceManagerImpl)
2015-11-20 09:26:41,086 - Resource Loader Instantiated: org.apache.velocity.runtime.resource.loader.ClasspathResourceLoader
2015-11-20 09:26:41,086 - ClasspathResourceLoader : initialization starting.
2015-11-20 09:26:41,086 - ClasspathResourceLoader : initialization complete.
2015-11-20 09:26:41,088 - ResourceCache : initialized. (class org.apache.velocity.runtime.resource.ResourceCacheImpl)
2015-11-20 09:26:41,088 - Default ResourceManager initialization complete.
2015-11-20 09:26:41,091 - Loaded System Directive: org.apache.velocity.runtime.directive.Literal
2015-11-20 09:26:41,093 - Loaded System Directive: org.apache.velocity.runtime.directive.Macro
2015-11-20 09:26:41,097 - Loaded System Directive: org.apache.velocity.runtime.directive.Parse
2015-11-20 09:26:41,100 - Loaded System Directive: org.apache.velocity.runtime.directive.Include
2015-11-20 09:26:41,101 - Loaded System Directive: org.apache.velocity.runtime.directive.Foreach
2015-11-20 09:26:41,140 - Created: 20 parsers.
2015-11-20 09:26:41,151 - Velocimacro : initialization starting.
2015-11-20 09:26:41,151 - Velocimacro : adding VMs from VM library template : VM_global_library.vm
2015-11-20 09:26:41,157 - ResourceManager : unable to find resource 'VM_global_library.vm' in any resource loader.
2015-11-20 09:26:41,157 - Velocimacro : error using  VM library template VM_global_library.vm : org.apache.velocity.exception.ResourceNotFoundException: Unable to find resource 'VM_global_library.vm'
2015-11-20 09:26:41,158 - Velocimacro :  VM library template macro registration complete.
2015-11-20 09:26:41,158 - Velocimacro : allowInline = true : VMs can be defined inline in templates
2015-11-20 09:26:41,158 - Velocimacro : allowInlineToOverride = false : VMs defined inline may NOT replace previous VM definitions
2015-11-20 09:26:41,158 - Velocimacro : allowInlineLocal = false : VMs defined inline will be  global in scope if allowed.
2015-11-20 09:26:41,158 - Velocimacro : messages on  : VM system will output logging messages
2015-11-20 09:26:41,158 - Velocimacro : autoload off  : VM system will not automatically reload global library macros
2015-11-20 09:26:41,158 - Velocimacro : initialization complete.
2015-11-20 09:26:41,158 - Velocity successfully started.
2015-11-20 10:20:28,620 - SimpleLog4JLogSystem initialized using logfile 'velocity.log'
2015-11-20 10:20:28,621 - ************************************************************** 
2015-11-20 10:20:28,621 - Starting Jakarta Velocity v1.4
2015-11-20 10:20:28,621 - RuntimeInstance initializing.
2015-11-20 10:20:28,621 - Default Properties File: org\apache\velocity\runtime\defaults\velocity.properties
2015-11-20 10:20:28,621 - Trying to use logger class org.apache.velocity.runtime.log.SimpleLog4JLogSystem
2015-11-20 10:20:28,621 - Using logger class org.apache.velocity.runtime.log.SimpleLog4JLogSystem
2015-11-20 10:20:28,624 - Default ResourceManager initializing. (class org.apache.velocity.runtime.resource.ResourceManagerImpl)
2015-11-20 10:20:28,629 - Resource Loader Instantiated: org.apache.velocity.runtime.resource.loader.ClasspathResourceLoader
2015-11-20 10:20:28,629 - ClasspathResourceLoader : initialization starting.
2015-11-20 10:20:28,629 - ClasspathResourceLoader : initialization complete.
2015-11-20 10:20:28,631 - ResourceCache : initialized. (class org.apache.velocity.runtime.resource.ResourceCacheImpl)
2015-11-20 10:20:28,632 - Default ResourceManager initialization complete.
2015-11-20 10:20:28,634 - Loaded System Directive: org.apache.velocity.runtime.directive.Literal
2015-11-20 10:20:28,636 - Loaded System Directive: org.apache.velocity.runtime.directive.Macro
2015-11-20 10:20:28,639 - Loaded System Directive: org.apache.velocity.runtime.directive.Parse
2015-11-20 10:20:28,640 - Loaded System Directive: org.apache.velocity.runtime.directive.Include
2015-11-20 10:20:28,641 - Loaded System Directive: org.apache.velocity.runtime.directive.Foreach
2015-11-20 10:20:28,679 - Created: 20 parsers.
2015-11-20 10:20:28,689 - Velocimacro : initialization starting.
2015-11-20 10:20:28,689 - Velocimacro : adding VMs from VM library template : VM_global_library.vm
2015-11-20 10:20:28,694 - ResourceManager : unable to find resource 'VM_global_library.vm' in any resource loader.
2015-11-20 10:20:28,694 - Velocimacro : error using  VM library template VM_global_library.vm : org.apache.velocity.exception.ResourceNotFoundException: Unable to find resource 'VM_global_library.vm'
2015-11-20 10:20:28,695 - Velocimacro :  VM library template macro registration complete.
2015-11-20 10:20:28,695 - Velocimacro : allowInline = true : VMs can be defined inline in templates
2015-11-20 10:20:28,695 - Velocimacro : allowInlineToOverride = false : VMs defined inline may NOT replace previous VM definitions
2015-11-20 10:20:28,695 - Velocimacro : allowInlineLocal = false : VMs defined inline will be  global in scope if allowed.
2015-11-20 10:20:28,695 - Velocimacro : messages on  : VM system will output logging messages
2015-11-20 10:20:28,695 - Velocimacro : autoload off  : VM system will not automatically reload global library macros
2015-11-20 10:20:28,695 - Velocimacro : initialization complete.
2015-11-20 10:20:28,695 - Velocity successfully started.
2015-11-20 10:24:03,449 - SimpleLog4JLogSystem initialized using logfile 'velocity.log'
2015-11-20 10:24:03,449 - ************************************************************** 
2015-11-20 10:24:03,449 - Starting Jakarta Velocity v1.4
2015-11-20 10:24:03,449 - RuntimeInstance initializing.
2015-11-20 10:24:03,449 - Default Properties File: org\apache\velocity\runtime\defaults\velocity.properties
2015-11-20 10:24:03,449 - Trying to use logger class org.apache.velocity.runtime.log.SimpleLog4JLogSystem
2015-11-20 10:24:03,449 - Using logger class org.apache.velocity.runtime.log.SimpleLog4JLogSystem
2015-11-20 10:24:03,453 - Default ResourceManager initializing. (class org.apache.velocity.runtime.resource.ResourceManagerImpl)
2015-11-20 10:24:03,456 - Resource Loader Instantiated: org.apache.velocity.runtime.resource.loader.ClasspathResourceLoader
2015-11-20 10:24:03,456 - ClasspathResourceLoader : initialization starting.
2015-11-20 10:24:03,457 - ClasspathResourceLoader : initialization complete.
2015-11-20 10:24:03,459 - ResourceCache : initialized. (class org.apache.velocity.runtime.resource.ResourceCacheImpl)
2015-11-20 10:24:03,459 - Default ResourceManager initialization complete.
2015-11-20 10:24:03,461 - Loaded System Directive: org.apache.velocity.runtime.directive.Literal
2015-11-20 10:24:03,463 - Loaded System Directive: org.apache.velocity.runtime.directive.Macro
2015-11-20 10:24:03,466 - Loaded System Directive: org.apache.velocity.runtime.directive.Parse
2015-11-20 10:24:03,469 - Loaded System Directive: org.apache.velocity.runtime.directive.Include
2015-11-20 10:24:03,470 - Loaded System Directive: org.apache.velocity.runtime.directive.Foreach
2015-11-20 10:24:03,505 - Created: 20 parsers.
2015-11-20 10:24:03,514 - Velocimacro : initialization starting.
2015-11-20 10:24:03,514 - Velocimacro : adding VMs from VM library template : VM_global_library.vm
2015-11-20 10:24:03,520 - ResourceManager : unable to find resource 'VM_global_library.vm' in any resource loader.
2015-11-20 10:24:03,520 - Velocimacro : error using  VM library template VM_global_library.vm : org.apache.velocity.exception.ResourceNotFoundException: Unable to find resource 'VM_global_library.vm'
2015-11-20 10:24:03,520 - Velocimacro :  VM library template macro registration complete.
2015-11-20 10:24:03,520 - Velocimacro : allowInline = true : VMs can be defined inline in templates
2015-11-20 10:24:03,520 - Velocimacro : allowInlineToOverride = false : VMs defined inline may NOT replace previous VM definitions
2015-11-20 10:24:03,520 - Velocimacro : allowInlineLocal = false : VMs defined inline will be  global in scope if allowed.
2015-11-20 10:24:03,521 - Velocimacro : messages on  : VM system will output logging messages
2015-11-20 10:24:03,521 - Velocimacro : autoload off  : VM system will not automatically reload global library macros
2015-11-20 10:24:03,521 - Velocimacro : initialization complete.
2015-11-20 10:24:03,521 - Velocity successfully started.
2015-11-20 10:52:40,322 - SimpleLog4JLogSystem initialized using logfile 'velocity.log'
2015-11-20 10:52:40,322 - ************************************************************** 
2015-11-20 10:52:40,322 - Starting Jakarta Velocity v1.4
2015-11-20 10:52:40,322 - RuntimeInstance initializing.
2015-11-20 10:52:40,322 - Default Properties File: org\apache\velocity\runtime\defaults\velocity.properties
2015-11-20 10:52:40,322 - Trying to use logger class org.apache.velocity.runtime.log.SimpleLog4JLogSystem
2015-11-20 10:52:40,322 - Using logger class org.apache.velocity.runtime.log.SimpleLog4JLogSystem
2015-11-20 10:52:40,325 - Default ResourceManager initializing. (class org.apache.velocity.runtime.resource.ResourceManagerImpl)
2015-11-20 10:52:40,327 - Resource Loader Instantiated: org.apache.velocity.runtime.resource.loader.ClasspathResourceLoader
2015-11-20 10:52:40,328 - ClasspathResourceLoader : initialization starting.
2015-11-20 10:52:40,328 - ClasspathResourceLoader : initialization complete.
2015-11-20 10:52:40,329 - ResourceCache : initialized. (class org.apache.velocity.runtime.resource.ResourceCacheImpl)
2015-11-20 10:52:40,329 - Default ResourceManager initialization complete.
2015-11-20 10:52:40,330 - Loaded System Directive: org.apache.velocity.runtime.directive.Literal
2015-11-20 10:52:40,332 - Loaded System Directive: org.apache.velocity.runtime.directive.Macro
2015-11-20 10:52:40,335 - Loaded System Directive: org.apache.velocity.runtime.directive.Parse
2015-11-20 10:52:40,336 - Loaded System Directive: org.apache.velocity.runtime.directive.Include
2015-11-20 10:52:40,337 - Loaded System Directive: org.apache.velocity.runtime.directive.Foreach
2015-11-20 10:52:40,363 - Created: 20 parsers.
2015-11-20 10:52:40,370 - Velocimacro : initialization starting.
2015-11-20 10:52:40,370 - Velocimacro : adding VMs from VM library template : VM_global_library.vm
2015-11-20 10:52:40,374 - ResourceManager : unable to find resource 'VM_global_library.vm' in any resource loader.
2015-11-20 10:52:40,375 - Velocimacro : error using  VM library template VM_global_library.vm : org.apache.velocity.exception.ResourceNotFoundException: Unable to find resource 'VM_global_library.vm'
2015-11-20 10:52:40,375 - Velocimacro :  VM library template macro registration complete.
2015-11-20 10:52:40,375 - Velocimacro : allowInline = true : VMs can be defined inline in templates
2015-11-20 10:52:40,375 - Velocimacro : allowInlineToOverride = false : VMs defined inline may NOT replace previous VM definitions
2015-11-20 10:52:40,375 - Velocimacro : allowInlineLocal = false : VMs defined inline will be  global in scope if allowed.
2015-11-20 10:52:40,375 - Velocimacro : messages on  : VM system will output logging messages
2015-11-20 10:52:40,375 - Velocimacro : autoload off  : VM system will not automatically reload global library macros
2015-11-20 10:52:40,375 - Velocimacro : initialization complete.
2015-11-20 10:52:40,375 - Velocity successfully started.
2015-11-20 10:58:53,098 - SimpleLog4JLogSystem initialized using logfile 'velocity.log'
2015-11-20 10:58:53,098 - ************************************************************** 
2015-11-20 10:58:53,098 - Starting Jakarta Velocity v1.4
2015-11-20 10:58:53,099 - RuntimeInstance initializing.
2015-11-20 10:58:53,099 - Default Properties File: org\apache\velocity\runtime\defaults\velocity.properties
2015-11-20 10:58:53,099 - Trying to use logger class org.apache.velocity.runtime.log.SimpleLog4JLogSystem
2015-11-20 10:58:53,099 - Using logger class org.apache.velocity.runtime.log.SimpleLog4JLogSystem
2015-11-20 10:58:53,105 - Default ResourceManager initializing. (class org.apache.velocity.runtime.resource.ResourceManagerImpl)
2015-11-20 10:58:53,111 - Resource Loader Instantiated: org.apache.velocity.runtime.resource.loader.ClasspathResourceLoader
2015-11-20 10:58:53,111 - ClasspathResourceLoader : initialization starting.
2015-11-20 10:58:53,111 - ClasspathResourceLoader : initialization complete.
2015-11-20 10:58:53,114 - ResourceCache : initialized. (class org.apache.velocity.runtime.resource.ResourceCacheImpl)
2015-11-20 10:58:53,114 - Default ResourceManager initialization complete.
2015-11-20 10:58:53,118 - Loaded System Directive: org.apache.velocity.runtime.directive.Literal
2015-11-20 10:58:53,121 - Loaded System Directive: org.apache.velocity.runtime.directive.Macro
2015-11-20 10:58:53,127 - Loaded System Directive: org.apache.velocity.runtime.directive.Parse
2015-11-20 10:58:53,131 - Loaded System Directive: org.apache.velocity.runtime.directive.Include
2015-11-20 10:58:53,133 - Loaded System Directive: org.apache.velocity.runtime.directive.Foreach
2015-11-20 10:58:53,191 - Created: 20 parsers.
2015-11-20 10:58:53,207 - Velocimacro : initialization starting.
2015-11-20 10:58:53,208 - Velocimacro : adding VMs from VM library template : VM_global_library.vm
2015-11-20 10:58:53,217 - ResourceManager : unable to find resource 'VM_global_library.vm' in any resource loader.
2015-11-20 10:58:53,218 - Velocimacro : error using  VM library template VM_global_library.vm : org.apache.velocity.exception.ResourceNotFoundException: Unable to find resource 'VM_global_library.vm'
2015-11-20 10:58:53,218 - Velocimacro :  VM library template macro registration complete.
2015-11-20 10:58:53,218 - Velocimacro : allowInline = true : VMs can be defined inline in templates
2015-11-20 10:58:53,218 - Velocimacro : allowInlineToOverride = false : VMs defined inline may NOT replace previous VM definitions
2015-11-20 10:58:53,218 - Velocimacro : allowInlineLocal = false : VMs defined inline will be  global in scope if allowed.
2015-11-20 10:58:53,218 - Velocimacro : messages on  : VM system will output logging messages
2015-11-20 10:58:53,218 - Velocimacro : autoload off  : VM system will not automatically reload global library macros
2015-11-20 10:58:53,218 - Velocimacro : initialization complete.
2015-11-20 10:58:53,218 - Velocity successfully started.
2015-11-20 11:02:17,233 - SimpleLog4JLogSystem initialized using logfile 'velocity.log'
2015-11-20 11:02:17,234 - ************************************************************** 
2015-11-20 11:02:17,234 - Starting Jakarta Velocity v1.4
2015-11-20 11:02:17,234 - RuntimeInstance initializing.
2015-11-20 11:02:17,234 - Default Properties File: org\apache\velocity\runtime\defaults\velocity.properties
2015-11-20 11:02:17,234 - Trying to use logger class org.apache.velocity.runtime.log.SimpleLog4JLogSystem
2015-11-20 11:02:17,234 - Using logger class org.apache.velocity.runtime.log.SimpleLog4JLogSystem
2015-11-20 11:02:17,242 - Default ResourceManager initializing. (class org.apache.velocity.runtime.resource.ResourceManagerImpl)
2015-11-20 11:02:17,249 - Resource Loader Instantiated: org.apache.velocity.runtime.resource.loader.ClasspathResourceLoader
2015-11-20 11:02:17,250 - ClasspathResourceLoader : initialization starting.
2015-11-20 11:02:17,250 - ClasspathResourceLoader : initialization complete.
2015-11-20 11:02:17,254 - ResourceCache : initialized. (class org.apache.velocity.runtime.resource.ResourceCacheImpl)
2015-11-20 11:02:17,254 - Default ResourceManager initialization complete.
2015-11-20 11:02:17,258 - Loaded System Directive: org.apache.velocity.runtime.directive.Literal
2015-11-20 11:02:17,263 - Loaded System Directive: org.apache.velocity.runtime.directive.Macro
2015-11-20 11:02:17,270 - Loaded System Directive: org.apache.velocity.runtime.directive.Parse
2015-11-20 11:02:17,275 - Loaded System Directive: org.apache.velocity.runtime.directive.Include
2015-11-20 11:02:17,278 - Loaded System Directive: org.apache.velocity.runtime.directive.Foreach
2015-11-20 11:02:17,351 - Created: 20 parsers.
2015-11-20 11:02:17,372 - Velocimacro : initialization starting.
2015-11-20 11:02:17,372 - Velocimacro : adding VMs from VM library template : VM_global_library.vm
2015-11-20 11:02:17,384 - ResourceManager : unable to find resource 'VM_global_library.vm' in any resource loader.
2015-11-20 11:02:17,384 - Velocimacro : error using  VM library template VM_global_library.vm : org.apache.velocity.exception.ResourceNotFoundException: Unable to find resource 'VM_global_library.vm'
2015-11-20 11:02:17,384 - Velocimacro :  VM library template macro registration complete.
2015-11-20 11:02:17,384 - Velocimacro : allowInline = true : VMs can be defined inline in templates
2015-11-20 11:02:17,384 - Velocimacro : allowInlineToOverride = false : VMs defined inline may NOT replace previous VM definitions
2015-11-20 11:02:17,385 - Velocimacro : allowInlineLocal = false : VMs defined inline will be  global in scope if allowed.
2015-11-20 11:02:17,385 - Velocimacro : messages on  : VM system will output logging messages
2015-11-20 11:02:17,385 - Velocimacro : autoload off  : VM system will not automatically reload global library macros
2015-11-20 11:02:17,385 - Velocimacro : initialization complete.
2015-11-20 11:02:17,385 - Velocity successfully started.
2015-11-20 11:08:43,643 - SimpleLog4JLogSystem initialized using logfile 'velocity.log'
2015-11-20 11:08:43,644 - ************************************************************** 
2015-11-20 11:08:43,644 - Starting Jakarta Velocity v1.4
2015-11-20 11:08:43,644 - RuntimeInstance initializing.
2015-11-20 11:08:43,644 - Default Properties File: org\apache\velocity\runtime\defaults\velocity.properties
2015-11-20 11:08:43,645 - Trying to use logger class org.apache.velocity.runtime.log.SimpleLog4JLogSystem
2015-11-20 11:08:43,645 - Using logger class org.apache.velocity.runtime.log.SimpleLog4JLogSystem
2015-11-20 11:08:43,653 - Default ResourceManager initializing. (class org.apache.velocity.runtime.resource.ResourceManagerImpl)
2015-11-20 11:08:43,661 - Resource Loader Instantiated: org.apache.velocity.runtime.resource.loader.ClasspathResourceLoader
2015-11-20 11:08:43,661 - ClasspathResourceLoader : initialization starting.
2015-11-20 11:08:43,661 - ClasspathResourceLoader : initialization complete.
2015-11-20 11:08:43,665 - ResourceCache : initialized. (class org.apache.velocity.runtime.resource.ResourceCacheImpl)
2015-11-20 11:08:43,665 - Default ResourceManager initialization complete.
2015-11-20 11:08:43,669 - Loaded System Directive: org.apache.velocity.runtime.directive.Literal
2015-11-20 11:08:43,674 - Loaded System Directive: org.apache.velocity.runtime.directive.Macro
2015-11-20 11:08:43,681 - Loaded System Directive: org.apache.velocity.runtime.directive.Parse
2015-11-20 11:08:43,686 - Loaded System Directive: org.apache.velocity.runtime.directive.Include
2015-11-20 11:08:43,689 - Loaded System Directive: org.apache.velocity.runtime.directive.Foreach
2015-11-20 11:08:43,771 - Created: 20 parsers.
2015-11-20 11:08:43,791 - Velocimacro : initialization starting.
2015-11-20 11:08:43,792 - Velocimacro : adding VMs from VM library template : VM_global_library.vm
2015-11-20 11:08:43,804 - ResourceManager : unable to find resource 'VM_global_library.vm' in any resource loader.
2015-11-20 11:08:43,804 - Velocimacro : error using  VM library template VM_global_library.vm : org.apache.velocity.exception.ResourceNotFoundException: Unable to find resource 'VM_global_library.vm'
2015-11-20 11:08:43,804 - Velocimacro :  VM library template macro registration complete.
2015-11-20 11:08:43,804 - Velocimacro : allowInline = true : VMs can be defined inline in templates
2015-11-20 11:08:43,804 - Velocimacro : allowInlineToOverride = false : VMs defined inline may NOT replace previous VM definitions
2015-11-20 11:08:43,805 - Velocimacro : allowInlineLocal = false : VMs defined inline will be  global in scope if allowed.
2015-11-20 11:08:43,805 - Velocimacro : messages on  : VM system will output logging messages
2015-11-20 11:08:43,805 - Velocimacro : autoload off  : VM system will not automatically reload global library macros
2015-11-20 11:08:43,805 - Velocimacro : initialization complete.
2015-11-20 11:08:43,805 - Velocity successfully started.
2015-11-20 11:14:18,434 - SimpleLog4JLogSystem initialized using logfile 'velocity.log'
2015-11-20 11:14:18,435 - ************************************************************** 
2015-11-20 11:14:18,435 - Starting Jakarta Velocity v1.4
2015-11-20 11:14:18,435 - RuntimeInstance initializing.
2015-11-20 11:14:18,435 - Default Properties File: org\apache\velocity\runtime\defaults\velocity.properties
2015-11-20 11:14:18,435 - Trying to use logger class org.apache.velocity.runtime.log.SimpleLog4JLogSystem
2015-11-20 11:14:18,435 - Using logger class org.apache.velocity.runtime.log.SimpleLog4JLogSystem
2015-11-20 11:14:18,439 - Default ResourceManager initializing. (class org.apache.velocity.runtime.resource.ResourceManagerImpl)
2015-11-20 11:14:18,442 - Resource Loader Instantiated: org.apache.velocity.runtime.resource.loader.ClasspathResourceLoader
2015-11-20 11:14:18,442 - ClasspathResourceLoader : initialization starting.
2015-11-20 11:14:18,442 - ClasspathResourceLoader : initialization complete.
2015-11-20 11:14:18,444 - ResourceCache : initialized. (class org.apache.velocity.runtime.resource.ResourceCacheImpl)
2015-11-20 11:14:18,444 - Default ResourceManager initialization complete.
2015-11-20 11:14:18,446 - Loaded System Directive: org.apache.velocity.runtime.directive.Literal
2015-11-20 11:14:18,448 - Loaded System Directive: org.apache.velocity.runtime.directive.Macro
2015-11-20 11:14:18,451 - Loaded System Directive: org.apache.velocity.runtime.directive.Parse
2015-11-20 11:14:18,453 - Loaded System Directive: org.apache.velocity.runtime.directive.Include
2015-11-20 11:14:18,454 - Loaded System Directive: org.apache.velocity.runtime.directive.Foreach
2015-11-20 11:14:18,486 - Created: 20 parsers.
2015-11-20 11:14:18,499 - Velocimacro : initialization starting.
2015-11-20 11:14:18,499 - Velocimacro : adding VMs from VM library template : VM_global_library.vm
2015-11-20 11:14:18,507 - ResourceManager : unable to find resource 'VM_global_library.vm' in any resource loader.
2015-11-20 11:14:18,507 - Velocimacro : error using  VM library template VM_global_library.vm : org.apache.velocity.exception.ResourceNotFoundException: Unable to find resource 'VM_global_library.vm'
2015-11-20 11:14:18,507 - Velocimacro :  VM library template macro registration complete.
2015-11-20 11:14:18,507 - Velocimacro : allowInline = true : VMs can be defined inline in templates
2015-11-20 11:14:18,507 - Velocimacro : allowInlineToOverride = false : VMs defined inline may NOT replace previous VM definitions
2015-11-20 11:14:18,508 - Velocimacro : allowInlineLocal = false : VMs defined inline will be  global in scope if allowed.
2015-11-20 11:14:18,508 - Velocimacro : messages on  : VM system will output logging messages
2015-11-20 11:14:18,508 - Velocimacro : autoload off  : VM system will not automatically reload global library macros
2015-11-20 11:14:18,508 - Velocimacro : initialization complete.
2015-11-20 11:14:18,508 - Velocity successfully started.
2015-11-20 11:29:11,666 - SimpleLog4JLogSystem initialized using logfile 'velocity.log'
2015-11-20 11:29:11,667 - ************************************************************** 
2015-11-20 11:29:11,667 - Starting Jakarta Velocity v1.4
2015-11-20 11:29:11,667 - RuntimeInstance initializing.
2015-11-20 11:29:11,667 - Default Properties File: org\apache\velocity\runtime\defaults\velocity.properties
2015-11-20 11:29:11,667 - Trying to use logger class org.apache.velocity.runtime.log.SimpleLog4JLogSystem
2015-11-20 11:29:11,667 - Using logger class org.apache.velocity.runtime.log.SimpleLog4JLogSystem
2015-11-20 11:29:11,671 - Default ResourceManager initializing. (class org.apache.velocity.runtime.resource.ResourceManagerImpl)
2015-11-20 11:29:11,675 - Resource Loader Instantiated: org.apache.velocity.runtime.resource.loader.ClasspathResourceLoader
2015-11-20 11:29:11,675 - ClasspathResourceLoader : initialization starting.
2015-11-20 11:29:11,675 - ClasspathResourceLoader : initialization complete.
2015-11-20 11:29:11,677 - ResourceCache : initialized. (class org.apache.velocity.runtime.resource.ResourceCacheImpl)
2015-11-20 11:29:11,677 - Default ResourceManager initialization complete.
2015-11-20 11:29:11,680 - Loaded System Directive: org.apache.velocity.runtime.directive.Literal
2015-11-20 11:29:11,682 - Loaded System Directive: org.apache.velocity.runtime.directive.Macro
2015-11-20 11:29:11,686 - Loaded System Directive: org.apache.velocity.runtime.directive.Parse
2015-11-20 11:29:11,688 - Loaded System Directive: org.apache.velocity.runtime.directive.Include
2015-11-20 11:29:11,690 - Loaded System Directive: org.apache.velocity.runtime.directive.Foreach
2015-11-20 11:29:11,729 - Created: 20 parsers.
2015-11-20 11:29:11,740 - Velocimacro : initialization starting.
2015-11-20 11:29:11,740 - Velocimacro : adding VMs from VM library template : VM_global_library.vm
2015-11-20 11:29:11,746 - ResourceManager : unable to find resource 'VM_global_library.vm' in any resource loader.
2015-11-20 11:29:11,747 - Velocimacro : error using  VM library template VM_global_library.vm : org.apache.velocity.exception.ResourceNotFoundException: Unable to find resource 'VM_global_library.vm'
2015-11-20 11:29:11,747 - Velocimacro :  VM library template macro registration complete.
2015-11-20 11:29:11,747 - Velocimacro : allowInline = true : VMs can be defined inline in templates
2015-11-20 11:29:11,747 - Velocimacro : allowInlineToOverride = false : VMs defined inline may NOT replace previous VM definitions
2015-11-20 11:29:11,747 - Velocimacro : allowInlineLocal = false : VMs defined inline will be  global in scope if allowed.
2015-11-20 11:29:11,747 - Velocimacro : messages on  : VM system will output logging messages
2015-11-20 11:29:11,747 - Velocimacro : autoload off  : VM system will not automatically reload global library macros
2015-11-20 11:29:11,747 - Velocimacro : initialization complete.
2015-11-20 11:29:11,747 - Velocity successfully started.
2015-11-20 11:30:29,943 - SimpleLog4JLogSystem initialized using logfile 'velocity.log'
2015-11-20 11:30:29,943 - ************************************************************** 
2015-11-20 11:30:29,943 - Starting Jakarta Velocity v1.4
2015-11-20 11:30:29,943 - RuntimeInstance initializing.
2015-11-20 11:30:29,943 - Default Properties File: org\apache\velocity\runtime\defaults\velocity.properties
2015-11-20 11:30:29,943 - Trying to use logger class org.apache.velocity.runtime.log.SimpleLog4JLogSystem
2015-11-20 11:30:29,943 - Using logger class org.apache.velocity.runtime.log.SimpleLog4JLogSystem
2015-11-20 11:30:29,946 - Default ResourceManager initializing. (class org.apache.velocity.runtime.resource.ResourceManagerImpl)
2015-11-20 11:30:29,948 - Resource Loader Instantiated: org.apache.velocity.runtime.resource.loader.ClasspathResourceLoader
2015-11-20 11:30:29,949 - ClasspathResourceLoader : initialization starting.
2015-11-20 11:30:29,949 - ClasspathResourceLoader : initialization complete.
2015-11-20 11:30:29,950 - ResourceCache : initialized. (class org.apache.velocity.runtime.resource.ResourceCacheImpl)
2015-11-20 11:30:29,950 - Default ResourceManager initialization complete.
2015-11-20 11:30:29,952 - Loaded System Directive: org.apache.velocity.runtime.directive.Literal
2015-11-20 11:30:29,953 - Loaded System Directive: org.apache.velocity.runtime.directive.Macro
2015-11-20 11:30:29,956 - Loaded System Directive: org.apache.velocity.runtime.directive.Parse
2015-11-20 11:30:29,957 - Loaded System Directive: org.apache.velocity.runtime.directive.Include
2015-11-20 11:30:29,958 - Loaded System Directive: org.apache.velocity.runtime.directive.Foreach
2015-11-20 11:30:29,983 - Created: 20 parsers.
2015-11-20 11:30:29,990 - Velocimacro : initialization starting.
2015-11-20 11:30:29,991 - Velocimacro : adding VMs from VM library template : VM_global_library.vm
2015-11-20 11:30:29,995 - ResourceManager : unable to find resource 'VM_global_library.vm' in any resource loader.
2015-11-20 11:30:29,995 - Velocimacro : error using  VM library template VM_global_library.vm : org.apache.velocity.exception.ResourceNotFoundException: Unable to find resource 'VM_global_library.vm'
2015-11-20 11:30:29,995 - Velocimacro :  VM library template macro registration complete.
2015-11-20 11:30:29,995 - Velocimacro : allowInline = true : VMs can be defined inline in templates
2015-11-20 11:30:29,995 - Velocimacro : allowInlineToOverride = false : VMs defined inline may NOT replace previous VM definitions
2015-11-20 11:30:29,995 - Velocimacro : allowInlineLocal = false : VMs defined inline will be  global in scope if allowed.
2015-11-20 11:30:29,995 - Velocimacro : messages on  : VM system will output logging messages
2015-11-20 11:30:29,995 - Velocimacro : autoload off  : VM system will not automatically reload global library macros
2015-11-20 11:30:29,995 - Velocimacro : initialization complete.
2015-11-20 11:30:29,995 - Velocity successfully started.
2015-11-20 11:31:59,391 - SimpleLog4JLogSystem initialized using logfile 'velocity.log'
2015-11-20 11:31:59,391 - ************************************************************** 
2015-11-20 11:31:59,391 - Starting Jakarta Velocity v1.4
2015-11-20 11:31:59,392 - RuntimeInstance initializing.
2015-11-20 11:31:59,392 - Default Properties File: org\apache\velocity\runtime\defaults\velocity.properties
2015-11-20 11:31:59,392 - Trying to use logger class org.apache.velocity.runtime.log.SimpleLog4JLogSystem
2015-11-20 11:31:59,392 - Using logger class org.apache.velocity.runtime.log.SimpleLog4JLogSystem
2015-11-20 11:31:59,400 - Default ResourceManager initializing. (class org.apache.velocity.runtime.resource.ResourceManagerImpl)
2015-11-20 11:31:59,407 - Resource Loader Instantiated: org.apache.velocity.runtime.resource.loader.ClasspathResourceLoader
2015-11-20 11:31:59,407 - ClasspathResourceLoader : initialization starting.
2015-11-20 11:31:59,407 - ClasspathResourceLoader : initialization complete.
2015-11-20 11:31:59,412 - ResourceCache : initialized. (class org.apache.velocity.runtime.resource.ResourceCacheImpl)
2015-11-20 11:31:59,412 - Default ResourceManager initialization complete.
2015-11-20 11:31:59,416 - Loaded System Directive: org.apache.velocity.runtime.directive.Literal
2015-11-20 11:31:59,421 - Loaded System Directive: org.apache.velocity.runtime.directive.Macro
2015-11-20 11:31:59,428 - Loaded System Directive: org.apache.velocity.runtime.directive.Parse
2015-11-20 11:31:59,433 - Loaded System Directive: org.apache.velocity.runtime.directive.Include
2015-11-20 11:31:59,435 - Loaded System Directive: org.apache.velocity.runtime.directive.Foreach
2015-11-20 11:31:59,509 - Created: 20 parsers.
2015-11-20 11:31:59,529 - Velocimacro : initialization starting.
2015-11-20 11:31:59,530 - Velocimacro : adding VMs from VM library template : VM_global_library.vm
2015-11-20 11:31:59,542 - ResourceManager : unable to find resource 'VM_global_library.vm' in any resource loader.
2015-11-20 11:31:59,542 - Velocimacro : error using  VM library template VM_global_library.vm : org.apache.velocity.exception.ResourceNotFoundException: Unable to find resource 'VM_global_library.vm'
2015-11-20 11:31:59,542 - Velocimacro :  VM library template macro registration complete.
2015-11-20 11:31:59,542 - Velocimacro : allowInline = true : VMs can be defined inline in templates
2015-11-20 11:31:59,542 - Velocimacro : allowInlineToOverride = false : VMs defined inline may NOT replace previous VM definitions
2015-11-20 11:31:59,542 - Velocimacro : allowInlineLocal = false : VMs defined inline will be  global in scope if allowed.
2015-11-20 11:31:59,543 - Velocimacro : messages on  : VM system will output logging messages
2015-11-20 11:31:59,543 - Velocimacro : autoload off  : VM system will not automatically reload global library macros
2015-11-20 11:31:59,543 - Velocimacro : initialization complete.
2015-11-20 11:31:59,543 - Velocity successfully started.
